2025-03-27 06:07:55,002 | amadeus_booking | INFO | 
===== BOOKING FLIGHT =====
2025-03-27 06:07:55,004 | amadeus_booking | INFO | Flight booking requested
2025-03-27 06:07:55,004 | amadeus_booking | ERROR | Missing traveler information: first_name, last_name, phone
2025-03-27 06:08:00,137 | amadeus_booking | INFO | 
===== BOOKING FLIGHT =====
2025-03-27 06:08:00,138 | amadeus_booking | INFO | Flight booking requested
2025-03-27 06:08:00,138 | amadeus_booking | ERROR | Missing traveler information: phone
2025-03-27 06:08:05,038 | amadeus_booking | INFO | 
===== BOOKING FLIGHT =====
2025-03-27 06:08:05,038 | amadeus_booking | INFO | Flight booking requested
2025-03-27 06:08:05,039 | amadeus_booking | INFO | Getting Amadeus API access token
2025-03-27 06:08:05,967 | amadeus_booking | INFO | Got access token: VVCXOSAyu0...
2025-03-27 06:08:05,969 | amadeus_booking | WARNING | No previous search data available to find original offer
2025-03-27 06:08:05,969 | amadeus_booking | INFO | Creating flight offer from provided details
2025-03-27 06:08:05,971 | amadeus_booking | INFO | Created flight offer with carrier: , flight: , from:  to: 
2025-03-27 06:08:05,972 | amadeus_booking | INFO | Booking payload: {
  "data": {
    "type": "flight-order",
    "flightOffers": [
      {
        "type": "flight-offer",
        "id": "1",
        "source": "GDS",
        "instantTicketingRequired": false,
        "nonHomogeneous": false,
        "lastTicketingDate": "2025-05-01",
        "itineraries": [
          {
            "segments": [
              {
                "departure": {
                  "iataCode": "",
                  "terminal": "",
                  "at": "2025-05-01T00:00:00"
                },
                "arrival": {
                  "iataCode": "",
                  "terminal": "",
                  "at": "2025-05-01T01:00:00"
                },
                "carrierCode": "",
                "number": "",
                "aircraft": {
                  "code": "320"
                },
                "operating": {
                  "carrierCode": ""
                },
                "duration": "PT2H",
                "id": "1",
                "numberOfStops": 0
              }
            ]
          }
        ],
        "price": {
          "currency": "USD",
          "total": "168.02",
          "base": "142.82",
          "grandTotal": "168.02"
        },
        "pricingOptions": {
          "fareType": [
            "PUBLISHED"
          ],
          "includedCheckedBagsOnly": false
        },
        "validatingAirlineCodes": [
          ""
        ],
        "travelerPricings": [
          {
            "travelerId": "1",
            "fareOption": "STANDARD",
            "travelerType": "ADULT",
            "price": {
              "currency": "USD",
              "total": "168.02",
              "base": "142.82"
            },
            "fareDetailsBySegment": [
              {
                "segmentId": "1",
                "cabin": "ECONOMY",
                "fareBasis": "YFFBR",
                "class": "Y",
                "includedCheckedBags": {
                  "quantity": 0
                }
              }
            ]
          }
        ]
      }
    ],
    "travelers": [
      {
        "id": "1",
        "dateOfBirth": "2000-01-01",
        "name": {
          "firstName": "ak",
          "lastName": "ak"
        },
        "gender": "MALE",
        "contact": {
          "emailAddress": "ak@ak.com",
          "phones": [
            {
              "deviceType": "MOBILE",
              "countryCallingCode": "1",
              "number": "99999999"
            }
          ]
        }
      }
    ],
    "ticketingAgreement": {
      "option": "DELAY_TO_CANCEL",
      "delay": "6D"
    }
  }
}
2025-03-27 06:08:05,972 | amadeus_booking | INFO | Sending booking request to https://test.api.amadeus.com/v1/booking/flight-orders
2025-03-27 06:08:06,883 | amadeus_booking | INFO | Booking API response: HTTP 400
2025-03-27 06:08:06,888 | amadeus_booking | INFO | Raw API response saved to api_responses/booking_20250327_060806.txt
2025-03-27 06:08:06,889 | amadeus_booking | ERROR | API errors: Booking failed: departure iataCode must be a 3-letter code (Code: 477, Path: /data/flightOffers[0]/itineraries[0]/segments[0]/departure/iataCode); carrier code is a 2 or 3 alphanum except 'YY' and 'YYY' (Code: 477, Path: /data/flightOffers[0]/itineraries[0]/segments[0]/operating/carrierCode); validatingAirlineCode is a 2 alphanum except 'YY' (Code: 477, Path: /data/flightOffers[0]/validatingAirlineCodes[0]); arrival iataCode must be a 3-letter code (Code: 477, Path: /data/flightOffers[0]/itineraries[0]/segments[0]/arrival/iataCode); carrier code is a 2 or 3 alphanum except 'YY' and 'YYY' (Code: 477, Path: /data/flightOffers[0]/itineraries[0]/segments[0]/carrierCode)
2025-03-27 06:08:06,889 | amadeus_booking | INFO | Creating mock booking
2025-03-27 06:08:06,892 | amadeus_booking | ERROR | Error creating mock booking: name 'booking_data' is not defined
