2025-03-27 05:06:24,416 | amadeus_booking | INFO | 
===== BOOKING FLIGHT =====
2025-03-27 05:06:24,418 | amadeus_booking | INFO | Flight booking requested
2025-03-27 05:06:24,419 | amadeus_booking | ERROR | Missing traveler information: first_name, last_name, date_of_birth
2025-03-27 05:06:32,366 | amadeus_booking | INFO | 
===== BOOKING FLIGHT =====
2025-03-27 05:06:32,366 | amadeus_booking | INFO | Flight booking requested
2025-03-27 05:06:32,367 | amadeus_booking | INFO | Getting Amadeus API access token
2025-03-27 05:06:33,221 | amadeus_booking | INFO | Got access token: RLAfTkjPDc...
2025-03-27 05:06:33,223 | amadeus_booking | WARNING | No previous search data available to find original offer
2025-03-27 05:06:33,223 | amadeus_booking | INFO | Creating flight offer from provided details
2025-03-27 05:06:33,225 | amadeus_booking | INFO | Created flight offer with carrier: , flight: , from:  to: 
2025-03-27 05:06:33,226 | amadeus_booking | INFO | Booking payload: {
  "data": {
    "type": "flight-order",
    "flightOffers": [
      {
        "type": "flight-offer",
        "id": "1",
        "source": "GDS",
        "instantTicketingRequired": false,
        "nonHomogeneous": false,
        "lastTicketingDate": "2025-05-01",
        "itineraries": [
          {
            "segments": [
              {
                "departure": {
                  "iataCode": "",
                  "terminal": "",
                  "at": "2025-05-01T00:00:00"
                },
                "arrival": {
                  "iataCode": "",
                  "terminal": "",
                  "at": "2025-05-01T01:00:00"
                },
                "carrierCode": "",
                "number": "",
                "aircraft": {
                  "code": "320"
                },
                "operating": {
                  "carrierCode": ""
                },
                "duration": "PT2H",
                "id": "1",
                "numberOfStops": 0
              }
            ]
          }
        ],
        "price": {
          "currency": "USD",
          "total": "155.27 EUR",
          "base": "155.27 EUR",
          "grandTotal": "155.27 EUR"
        },
        "pricingOptions": {
          "fareType": [
            "PUBLISHED"
          ],
          "includedCheckedBagsOnly": false
        },
        "validatingAirlineCodes": [
          ""
        ],
        "travelerPricings": [
          {
            "travelerId": "1",
            "fareOption": "STANDARD",
            "travelerType": "ADULT",
            "price": {
              "currency": "USD",
              "total": "155.27 EUR",
              "base": "155.27 EUR"
            },
            "fareDetailsBySegment": [
              {
                "segmentId": "1",
                "cabin": "ECONOMY",
                "fareBasis": "YFFBR",
                "class": "Y",
                "includedCheckedBags": {
                  "quantity": 0
                }
              }
            ]
          }
        ]
      }
    ],
    "travelers": [
      {
        "id": "1",
        "dateOfBirth": "2000-01-01",
        "name": {
          "firstName": "ak",
          "lastName": "ak"
        },
        "gender": "MALE",
        "contact": {
          "emailAddress": "ak@ak.com",
          "phones": [
            {
              "deviceType": "MOBILE",
              "countryCallingCode": "1",
              "number": "99999999"
            }
          ]
        }
      }
    ],
    "ticketingAgreement": {
      "option": "DELAY_TO_CANCEL",
      "delay": "6D"
    }
  }
}
2025-03-27 05:06:33,227 | amadeus_booking | INFO | Sending booking request to https://test.api.amadeus.com/v1/booking/flight-orders
2025-03-27 05:06:34,251 | amadeus_booking | INFO | Booking API response: HTTP 400
2025-03-27 05:06:34,255 | amadeus_booking | INFO | Raw API response saved to api_responses/booking_20250327_050634.txt
2025-03-27 05:06:34,256 | amadeus_booking | ERROR | API errors: Booking failed: This attribute should be a number (Code: 477, Path: /data/flightOffers[0]/travelerPricings[0]/price/base); This attribute should be a number (Code: 477, Path: /data/flightOffers[0]/travelerPricings[0]/price/total); This attribute should be a number (Code: 477, Path: /data/flightOffers[0]/price/grandTotal); carrier code is a 2 or 3 alphanum except 'YY' and 'YYY' (Code: 477, Path: /data/flightOffers[0]/itineraries[0]/segments[0]/operating/carrierCode); This attribute should be a number (Code: 477, Path: /data/flightOffers[0]/price/total); departure iataCode must be a 3-letter code (Code: 477, Path: /data/flightOffers[0]/itineraries[0]/segments[0]/departure/iataCode); validatingAirlineCode is a 2 alphanum except 'YY' (Code: 477, Path: /data/flightOffers[0]/validatingAirlineCodes[0]); arrival iataCode must be a 3-letter code (Code: 477, Path: /data/flightOffers[0]/itineraries[0]/segments[0]/arrival/iataCode); carrier code is a 2 or 3 alphanum except 'YY' and 'YYY' (Code: 477, Path: /data/flightOffers[0]/itineraries[0]/segments[0]/carrierCode); This attribute should be a number (Code: 477, Path: /data/flightOffers[0]/price/base)
2025-03-27 05:06:34,256 | amadeus_booking | INFO | Creating mock booking
2025-03-27 05:06:34,260 | amadeus_booking | INFO | Saved mock booking data to bookings/ORDER_CCXOMU_20250327_050634.json
2025-03-27 05:06:34,306 | amadeus_booking | INFO | Generated mock e-ticket PDF: booking_pdfs/eticket_NK5631_ORDER_CCXOMU_20250327_050634.pdf
